{"/home/hpeyt/Desktop/learning/Template-for-Webpack/src/js/index.js": {"path":"/home/hpeyt/Desktop/learning/Template-for-Webpack/src/js/index.js","all":false,"statementMap":{"0":{"start":{"line":1,"column":0},"end":{"line":1,"column":48}},"1":{"start":{"line":2,"column":0},"end":{"line":2,"column":26}}},"s":{"0":1,"1":1},"branchMap":{"0":{"type":"branch","line":1,"loc":{"start":{"line":1,"column":22},"end":{"line":1,"column":48}},"locations":[{"start":{"line":1,"column":22},"end":{"line":1,"column":48}}]}},"b":{"0":[1]},"fnMap":{"0":{"name":"tester","decl":{"start":{"line":1,"column":22},"end":{"line":1,"column":48}},"loc":{"start":{"line":1,"column":22},"end":{"line":1,"column":48}},"line":1}},"f":{"0":1}}
}
